Arguments: 
  C:\Program Files\nodejs\node.exe C:\Users\karpo\AppData\Roaming\npm\node_modules\yarn\bin\yarn.js add @nextbi/rsocket-client --registry http://nexus.nextbi.ru:8081/repository/npm-group/

PATH: 
  C:\Program Files\Common Files\Oracle\Java\javapath;C:\Windows\system32;C:\Windows;C:\Windows\System32\Wbem;C:\Windows\System32\WindowsPowerShell\v1.0\;C:\Windows\System32\OpenSSH\;C:\Program Files\Git\cmd;C:\Program Files\nodejs\;C:\Program Files\NVIDIA Corporation\NVIDIA NvDLISR;C:\Program Files\WireGuard\;C:\Program Files\Java\jdk-17\bin;C:\Program Files\k6\;C:\Program Files\Docker\Docker\resources\bin;V:\SSH\;C:\Users\karpo\scoop\shims;C:\Windows\system32\config\systemprofile\AppData\Local\Microsoft\WindowsApps;C:\Users\karpo\AppData\Roaming\npm;C:\Windows\system32\config\systemprofile\go\bin;F:\Lens\resources\cli\bin;C:\Program Files\Lens\resources\cli\bin;C:\Users\karpo\AppData\Local\Programs\Fiddler;C:\Users\karpo\AppData\Local\Programs\Microsoft VS Code\bin;C:\flutter\bin;

Yarn version: 
  1.22.19

Node version: 
  18.17.0

Platform: 
  win32 x64

Trace: 
  Error: http://nexus.nextbi.ru:8081/repository/npm-group/@nextbi%2frsocket-client: Not found
      at params.callback [as _callback] (C:\Users\karpo\AppData\Roaming\npm\node_modules\yarn\lib\cli.js:66145:18)
      at self.callback (C:\Users\karpo\AppData\Roaming\npm\node_modules\yarn\lib\cli.js:140890:22)
      at Request.emit (node:events:514:28)
      at Request.<anonymous> (C:\Users\karpo\AppData\Roaming\npm\node_modules\yarn\lib\cli.js:141862:10)
      at Request.emit (node:events:514:28)
      at IncomingMessage.<anonymous> (C:\Users\karpo\AppData\Roaming\npm\node_modules\yarn\lib\cli.js:141784:12)
      at Object.onceWrapper (node:events:628:28)
      at IncomingMessage.emit (node:events:526:35)
      at endReadableNT (node:internal/streams/readable:1359:12)
      at process.processTicksAndRejections (node:internal/process/task_queues:82:21)

npm manifest: 
  No manifest

yarn manifest: 
  No manifest

Lockfile: 
  No lockfile
